C51 COMPILER V9.01   MAIN                                                                  12/05/2018 20:13:52 PAGE 1   


C51 COMPILER V9.01, COMPILATION OF MODULE MAIN
OBJECT MODULE PLACED IN main.OBJ
COMPILER INVOKED BY: C:\Keil\C51\BIN\C51.EXE main.c COMPACT BROWSE DEBUG OBJECTEXTEND

line level    source

   1          #include"reg52.h"
   2          #include"snack.h"
   3          #include<intrins.h>
   4          
   5          u8  canvas[8][8]={0x00,0x00,0x00,0x00,0x00,0x00,0x00,0x00,
   6                                                  0x00,0x00,0x00,0x00,0x00,0x00,0x00,0x00,
   7                                                  0x00,0x00,0x00,0x00,0x00,0x00,0x00,0x00,
   8                                                  0x00,0x00,0x00,0x00,0x00,0x00,0x00,0x00,
   9                                                  0x00,0x00,0x00,0x00,0x00,0x00,0x00,0x00,
  10                                                  0x00,0x00,0x00,0x00,0x00,0x00,0x00,0x00,
  11                                                  0x00,0x00,0x00,0x00,0x00,0x00,0x00,0x00,
  12                                                  0x00,0x00,0x00,0x00,0x00,0x00,0x00,0x00};
  13          
  14          sbit SRCLK=P3^6;//移位管脚
  15          sbit RC_LK=P3^5;//存储位管脚
  16          sbit SER=P3^4;
  17          
  18          u8  dat[8]={0x00,0x00,0x00,0x00,0x00,0x00,0x00,0x00};
  19          u8 hang[8]={0x7f,0xbf,0xdf,0xef,0xf7,0xfb,0xfd,0xfe};
  20          
  21          void delay(u16 i)
  22          {
  23   1              u16 j=100*i;
  24   1              while(j--);
  25   1      }
  26          void _74hc595send(u8 _data)
  27          {
  28   1              u8 i;
  29   1              SRCLK=0;
  30   1              RCLK=0;
  31   1              for(i=0;i<8;i++)
  32   1              {
  33   2                      SER=_data>>7;
  34   2                      _data<<=1;
  35   2                      SRCLK=1;
  36   2                      _nop_();
  37   2                      _nop_();
  38   2                      SRCLK=0;
  39   2      
  40   2                              
  41   2              }
  42   1              RC_LK=1;
  43   1              _nop_();//记忆周期
  44   1              _nop_();
  45   1              RC_LK=0;
  46   1      }
  47          
  48          
  49          void addDateToCanvos()
  50          {
  51   1              u16 i,j;
  52   1              for(i=0;i<8;i++)      //画蛇头
  53   1                      for(j=0;j<8;j++)
  54   1                      {
  55   2                              if(i==head.y&&j==head.x||i==food.y&&j==food.x)
C51 COMPILER V9.01   MAIN                                                                  12/05/2018 20:13:52 PAGE 2   

  56   2                              {
  57   3                                      canvas[i][j]=0x01;
  58   3                              }
  59   2                              
  60   2                      }
  61   1              for(i=0;i<length;i++)
  62   1              {
  63   2                      canvas[body[i].y][body[i].x]=0x01;
  64   2              }               
  65   1      }
  66          
  67          void Datapros()
  68          {
  69   1              u16 i;
  70   1              for(i=0;i<8;i++)
  71   1              {
  72   2                      dat[i]=canvas[7][i]*1+canvas[6][i]*2+canvas[5][i]*4+canvas[4][i]*8+
  73   2                      canvas[3][i]*16+canvas[2][i]*32+canvas[1][i]*64+canvas[0][i]*128;
  74   2              }       
  75   1      }
  76          void draw()
  77          {
  78   1              u16 i,j;
  79   1              
  80   1                      Datapros();
  81   1                      for(i=0;i<8;i++)
  82   1                      {
  83   2                              P0=hang[i];
  84   2                              _74hc595send(dat[i]);
  85   2                              delay(1);
  86   2                              _74hc595send(0x00);
  87   2                      }
  88   1                      delay(1);
  89   1                      for(i=0;i<8;i++)
  90   1                              for(j=0;j<8;j++)
  91   1                                      {
  92   2                                              canvas[i][j]=0x00;
  93   2                                      }
  94   1      }
  95          
  96          void _51Draw()
  97          {
  98   1              addDateToCanvos();
  99   1              Datapros();
 100   1              draw();
 101   1      }
 102          
 103          void main()
 104          {
 105   1              u16 i=1;
 106   1              welcome();
 107   1              SnackInit();
 108   1              while(i>0)
 109   1              {
 110   2                      
 111   2                      
 112   2                      _51Draw();
 113   2                      snack_circulation();
 114   2                      
 115   2                      
 116   2                              
 117   2              }
C51 COMPILER V9.01   MAIN                                                                  12/05/2018 20:13:52 PAGE 3   

 118   1              
 119   1      }


MODULE INFORMATION:   STATIC OVERLAYABLE
   CODE SIZE        =    494    ----
   CONSTANT SIZE    =   ----    ----
   XDATA SIZE       =   ----    ----
   PDATA SIZE       =     82       6
   DATA SIZE        =   ----    ----
   IDATA SIZE       =   ----    ----
   BIT SIZE         =   ----    ----
END OF MODULE INFORMATION.


C51 COMPILATION COMPLETE.  0 WARNING(S),  0 ERROR(S)
